Arguments: 
  C:\Program Files\nodejs\node.exe C:\Users\Полина\AppData\Roaming\npm\node_modules\yarn\bin\yarn.js

PATH: 
  C:\Windows\system32;C:\Windows;C:\Windows\System32\Wbem;C:\Windows\System32\WindowsPowerShell\v1.0\;C:\Program Files\Git\cmd;C:\Program Files\nodejs\;C:\Program Files\MySQL\MySQL Utilities 1.6\;C:\Users\Полина\AppData\Roaming\npm

Yarn version: 
  1.3.2

Node version: 
  8.9.4

Platform: 
  win32 ia32

npm manifest: 
  {
    "name": "bank Application",
    "version": "1.0.0",
    "scripts": {
      "client": "cd client && yarn start",
      "server": "nodemon server.js",
      
    },
    "dependencies": {
      "express": "^4.16.2",
      "yarn": "^1.6.0"
    },
    "devDependencies": {
      "concurrently": "^3.5.0"
    }
  }

yarn manifest: 
  No manifest

Lockfile: 
  No lockfile

Trace: 
  SyntaxError: D:\Programming\Bank Application\package.json: Unexpected token } in JSON at position 152
      at JSON.parse (<anonymous>)
      at C:\Users\Полина\AppData\Roaming\npm\node_modules\yarn\lib\cli.js:770:59
      at Generator.next (<anonymous>)
      at step (C:\Users\Полина\AppData\Roaming\npm\node_modules\yarn\lib\cli.js:92:30)
      at C:\Users\Полина\AppData\Roaming\npm\node_modules\yarn\lib\cli.js:103:13
      at <anonymous>
